mode: set
github.com/dukesp69/bookings/cmd/web/main.go:22.13,25.16 2 0
github.com/dukesp69/bookings/cmd/web/main.go:29.2,39.16 5 0
github.com/dukesp69/bookings/cmd/web/main.go:25.16,27.3 1 0
github.com/dukesp69/bookings/cmd/web/main.go:42.18,55.16 9 1
github.com/dukesp69/bookings/cmd/web/main.go:59.2,64.12 5 1
github.com/dukesp69/bookings/cmd/web/main.go:55.16,58.3 2 0
github.com/dukesp69/bookings/cmd/web/middleware.go:10.45,21.2 3 1
github.com/dukesp69/bookings/cmd/web/middleware.go:24.50,26.2 1 1
github.com/dukesp69/bookings/cmd/web/routes.go:12.49,39.2 18 1
